<?xml version="1.0" encoding="UTF-8"?>
<!-- Generated by org.testng.reporters.JUnitXMLReporter -->
<testsuite ignored="0" hostname="DESKTOP-65LALTP" failures="0" tests="5" name="Default test" time="117.528" errors="0" timestamp="2023-07-19T02:38:48 EET">
  <testcase classname="XYZ.HOME_PAGE" name="t_01bankmanagementlogin" time="42.333"/>
  <testcase classname="XYZ.HOME_PAGE" name="t_02bankmanagementopenacount" time="20.27"/>
  <testcase classname="XYZ.HOME_PAGE" name="t_03bankmanagementdeletcostomer" time="21.926"/>
  <testcase classname="XYZ.HOME_PAGE" name="t_04bankmanagementDeposit" time="17.266"/>
  <testcase classname="XYZ.HOME_PAGE" name="t_05checklastwihdrow" time="12.753"/>
</testsuite> <!-- Default test -->
