<?xml version="1.0" encoding="UTF-8"?>
<!-- Generated by org.testng.reporters.JUnitXMLReporter -->
<testsuite ignored="0" hostname="DESKTOP-65LALTP" failures="0" tests="5" name="Test" time="124.435" errors="0" timestamp="2023-07-19T18:35:56 EET">
  <testcase classname="XYZ.HOME_PAGE" name="t_01bankmanagementlogin" time="43.786"/>
  <testcase classname="XYZ.HOME_PAGE" name="t_02bankmanagementopenacount" time="21.475"/>
  <testcase classname="XYZ.HOME_PAGE" name="t_03bankmanagementdeletcostomer" time="22.098"/>
  <testcase classname="XYZ.HOME_PAGE" name="t_04bankmanagementDeposit" time="17.687"/>
  <testcase classname="XYZ.HOME_PAGE" name="t_05checklastwihdrow" time="13.046"/>
</testsuite> <!-- Test -->
