<?xml version="1.0" encoding="UTF-8"?>
<testng-results ignored="0" total="5" passed="5" failed="0" skipped="0">
  <reporter-output>
  </reporter-output>
  <suite started-at="2023-07-19T18:33:52 EET" name="Suite" finished-at="2023-07-19T18:35:56 EET" duration-ms="124435">
    <groups>
    </groups>
    <test started-at="2023-07-19T18:33:52 EET" name="Test" finished-at="2023-07-19T18:35:56 EET" duration-ms="124435">
      <class name="XYZ.HOME_PAGE">
        <test-method is-config="true" signature="mySetup()[pri:0, instance:XYZ.HOME_PAGE@79924b]" started-at="2023-07-19T18:33:52 EET" name="mySetup" finished-at="2023-07-19T18:33:58 EET" duration-ms="6225" status="PASS">
          <reporter-output>
          </reporter-output>
        </test-method> <!-- mySetup -->
        <test-method signature="t_01bankmanagementlogin()[pri:0, instance:XYZ.HOME_PAGE@79924b]" started-at="2023-07-19T18:33:58 EET" name="t_01bankmanagementlogin" finished-at="2023-07-19T18:34:42 EET" duration-ms="43786" status="PASS">
          <reporter-output>
          </reporter-output>
        </test-method> <!-- t_01bankmanagementlogin -->
        <test-method signature="t_02bankmanagementopenacount()[pri:0, instance:XYZ.HOME_PAGE@79924b]" started-at="2023-07-19T18:34:42 EET" name="t_02bankmanagementopenacount" finished-at="2023-07-19T18:35:03 EET" duration-ms="21475" status="PASS">
          <reporter-output>
          </reporter-output>
        </test-method> <!-- t_02bankmanagementopenacount -->
        <test-method signature="t_03bankmanagementdeletcostomer()[pri:0, instance:XYZ.HOME_PAGE@79924b]" started-at="2023-07-19T18:35:03 EET" name="t_03bankmanagementdeletcostomer" finished-at="2023-07-19T18:35:25 EET" duration-ms="22098" status="PASS">
          <reporter-output>
          </reporter-output>
        </test-method> <!-- t_03bankmanagementdeletcostomer -->
        <test-method signature="t_04bankmanagementDeposit()[pri:0, instance:XYZ.HOME_PAGE@79924b]" started-at="2023-07-19T18:35:25 EET" name="t_04bankmanagementDeposit" finished-at="2023-07-19T18:35:43 EET" duration-ms="17687" status="PASS">
          <reporter-output>
          </reporter-output>
        </test-method> <!-- t_04bankmanagementDeposit -->
        <test-method signature="t_05checklastwihdrow()[pri:0, instance:XYZ.HOME_PAGE@79924b]" started-at="2023-07-19T18:35:43 EET" name="t_05checklastwihdrow" finished-at="2023-07-19T18:35:56 EET" duration-ms="13046" status="PASS">
          <reporter-output>
          </reporter-output>
        </test-method> <!-- t_05checklastwihdrow -->
      </class> <!-- XYZ.HOME_PAGE -->
    </test> <!-- Test -->
  </suite> <!-- Suite -->
</testng-results>
